
3월 24, 2023 10:56:26.725 NEW SESSION
3월 24, 2023 10:56:26.725 INFO: Created TensorFlow Lite XNNPACK delegate for CPU.

3월 30, 2023 09:17:08.426 NEW SESSION
3월 30, 2023 09:17:08.426 INFO: Created TensorFlow Lite XNNPACK delegate for CPU.
3월 30, 2023 09:20:25.838 [5212:9492:0330/092025.838:ERROR:sharing_service.cc(252)] Device un-registration failed with fatal error

3월 31, 2023 09:44:35.767 NEW SESSION
3월 31, 2023 09:44:35.767 INFO: Created TensorFlow Lite XNNPACK delegate for CPU.
3월 31, 2023 15:12:51.259 [10276:5076:0331/151251.259:ERROR:interface_endpoint_client.cc(695)] Message 0 rejected by interface blink.mojom.WidgetHost
3월 31, 2023 15:12:58.274 [10276:5076:0331/151258.274:ERROR:device_event_log_impl.cc(222)] [15:12:58.274] Bluetooth: bluetooth_adapter_winrt.cc:1073 Getting Default Adapter failed.
3월 31, 2023 16:27:29.54 [10276:5076:0331/162729.054:ERROR:CONSOLE(1)] "Uncaught (in promise) RangeError: Invalid line number 687 in 1-line document", source: devtools://devtools/bundled/devtools-frontend/front_end/third_party/codemirror.next/chunk/codemirror.js (1)
3월 31, 2023 16:36:48.43 [10276:5076:0331/163648.043:ERROR:CONSOLE(1)] "Uncaught (in promise) RangeError: Invalid line number 701 in 1-line document", source: devtools://devtools/bundled/devtools-frontend/front_end/third_party/codemirror.next/chunk/codemirror.js (1)
3월 31, 2023 17:17:52.989 [10276:5076:0331/171752.989:ERROR:CONSOLE(1)] "Uncaught (in promise) RangeError: Invalid line number 701 in 1-line document", source: devtools://devtools/bundled/devtools-frontend/front_end/third_party/codemirror.next/chunk/codemirror.js (1)
3월 31, 2023 17:18:57.319 [10276:5076:0331/171857.318:ERROR:CONSOLE(1)] "Uncaught (in promise) RangeError: Invalid line number 814 in 1-line document", source: devtools://devtools/bundled/devtools-frontend/front_end/third_party/codemirror.next/chunk/codemirror.js (1)
3월 31, 2023 17:25:16.846 [10276:5076:0331/172516.845:ERROR:CONSOLE(1)] "Uncaught (in promise) RangeError: Invalid line number 814 in 1-line document", source: devtools://devtools/bundled/devtools-frontend/front_end/third_party/codemirror.next/chunk/codemirror.js (1)
3월 31, 2023 17:27:53.482 [10276:5076:0331/172753.482:ERROR:CONSOLE(1)] "Uncaught (in promise) RangeError: Invalid line number 798 in 1-line document", source: devtools://devtools/bundled/devtools-frontend/front_end/third_party/codemirror.next/chunk/codemirror.js (1)
3월 31, 2023 17:35:18.765 [10276:5076:0331/173518.765:ERROR:CONSOLE(1)] "Uncaught (in promise) RangeError: Invalid line number 687 in 1-line document", source: devtools://devtools/bundled/devtools-frontend/front_end/third_party/codemirror.next/chunk/codemirror.js (1)

4월 04, 2023 09:28:16.514 NEW SESSION
4월 04, 2023 09:28:16.514 INFO: Created TensorFlow Lite XNNPACK delegate for CPU.
4월 04, 2023 09:28:52.447 [8960:8988:0404/092852.446:ERROR:device_event_log_impl.cc(222)] [09:28:52.445] USB: usb_service_win.cc:104 SetupDiGetDeviceProperty({{A45C254E-DF1C-4EFD-8020-67D146A850E0}, 6}) failed: 요소가 없습니다. (0x490)

4월 04, 2023 10:23:12.562 NEW SESSION
4월 04, 2023 10:23:12.562 INFO: Created TensorFlow Lite XNNPACK delegate for CPU.
4월 04, 2023 11:47:52.117 INFO: Created TensorFlow Lite XNNPACK delegate for CPU.

4월 05, 2023 09:18:17.540 NEW SESSION
4월 05, 2023 09:18:17.540 INFO: Created TensorFlow Lite XNNPACK delegate for CPU.
4월 05, 2023 10:10:12.856 [5560:7196:0405/101012.856:ERROR:interface_endpoint_client.cc(695)] Message 0 rejected by interface blink.mojom.WidgetHost
4월 05, 2023 11:08:41.943 [5560:7196:0405/110841.943:ERROR:CONSOLE(1)] "Uncaught (in promise) RangeError: Invalid line number 687 in 1-line document", source: devtools://devtools/bundled/devtools-frontend/front_end/third_party/codemirror.next/chunk/codemirror.js (1)
4월 05, 2023 12:04:48.569 [5560:7196:0405/120448.569:ERROR:CONSOLE(1)] "Uncaught (in promise) RangeError: Invalid line number 709 in 1-line document", source: devtools://devtools/bundled/devtools-frontend/front_end/third_party/codemirror.next/chunk/codemirror.js (1)
4월 05, 2023 12:12:54.577 [5560:7196:0405/121254.576:ERROR:CONSOLE(1)] "Request Storage.getStorageKeyForFrame failed. {"code":-32602,"message":"Frame tree node for given frame not found"}", source: devtools://devtools/bundled/devtools-frontend/front_end/core/protocol_client/protocol_client.js (1)
4월 05, 2023 12:12:54.591 [5560:7196:0405/121254.591:ERROR:CONSOLE(1)] "Request Storage.getStorageKeyForFrame failed. {"code":-32602,"message":"Frame tree node for given frame not found"}", source: devtools://devtools/bundled/devtools-frontend/front_end/core/protocol_client/protocol_client.js (1)
4월 05, 2023 12:19:22.916 [5560:7196:0405/121922.916:ERROR:CONSOLE(1)] "Request Storage.getStorageKeyForFrame failed. {"code":-32602,"message":"Frame tree node for given frame not found"}", source: devtools://devtools/bundled/devtools-frontend/front_end/core/protocol_client/protocol_client.js (1)

4월 07, 2023 11:56:23.757 NEW SESSION
4월 07, 2023 11:56:23.757 INFO: Created TensorFlow Lite XNNPACK delegate for CPU.
4월 07, 2023 14:36:37.261 [7840:10756:0407/143637.261:ERROR:sharing_service.cc(252)] Device un-registration failed with fatal error
4월 07, 2023 15:28:42.33 [7840:10756:0407/152842.033:ERROR:interface_endpoint_client.cc(695)] Message 1 rejected by interface blink.mojom.WidgetHost
4월 07, 2023 15:30:46.865 [7840:10756:0407/153046.865:ERROR:interface_endpoint_client.cc(695)] Message 0 rejected by interface blink.mojom.WidgetHost
4월 07, 2023 15:30:58.179 [7840:10756:0407/153058.179:ERROR:interface_endpoint_client.cc(695)] Message 1 rejected by interface blink.mojom.WidgetHost
4월 07, 2023 15:30:58.179 [7840:10756:0407/153058.179:ERROR:interface_endpoint_client.cc(695)] Message 1 rejected by interface blink.mojom.WidgetHost
4월 07, 2023 15:30:58.504 [7840:10756:0407/153058.504:ERROR:device_event_log_impl.cc(222)] [15:30:58.504] Bluetooth: bluetooth_adapter_winrt.cc:1073 Getting Default Adapter failed.
4월 07, 2023 17:44:31.80 [7840:10756:0407/174431.077:ERROR:interface_endpoint_client.cc(695)] Message 0 rejected by interface blink.mojom.WidgetHost
